# JRE version: OpenJDK Runtime Environment (17.0.9) (build 17.0.9+0--11185874)
# Java VM: OpenJDK 64-Bit Server VM (17.0.9+0--11185874, mixed mode, tiered, compressed oops, compressed class ptrs, g1 gc, windows-amd64)
GC Precious Log:
 CPUs: 12 total, 12 available
 Memory: 16252M
 Large Page Support: Disabled
 NUMA Support: Disabled
 Compressed Oops: Enabled (32-bit)
 Heap Region Size: 1M
 Heap Min Capacity: 8M
 Heap Initial Capacity: 254M
 Heap Max Capacity: 2G
 Pre-touch: Disabled
 Parallel Workers: 10
 Concurrent Workers: 3
 Concurrent Refinement Workers: 10
 Periodic GC: Disabled
Heap:
 garbage-first heap   total 133120K, used 72832K [0x0000000080000000, 0x0000000100000000)
  region size 1024K, 23 young (23552K), 7 survivors (7168K)
 Metaspace       used 71702K, committed 72256K, reserved 1114112K
  class space    used 9664K, committed 9920K, reserved 1048576K
GC Heap History (20 events):
Event: 9.618 GC heap before
{Heap before GC invocations=19 (full 0):
 garbage-first heap   total 71680K, used 47458K [0x0000000080000000, 0x0000000100000000)
  region size 1024K, 11 young (11264K), 2 survivors (2048K)
 Metaspace       used 59046K, committed 59520K, reserved 1114112K
  class space    used 7975K, committed 8192K, reserved 1048576K
}
Event: 9.620 GC heap after
{Heap after GC invocations=20 (full 0):
 garbage-first heap   total 71680K, used 39807K [0x0000000080000000, 0x0000000100000000)
  region size 1024K, 1 young (1024K), 1 survivors (1024K)
 Metaspace       used 59046K, committed 59520K, reserved 1114112K
  class space    used 7975K, committed 8192K, reserved 1048576K
}
Event: 9.677 GC heap before
{Heap before GC invocations=21 (full 0):
 garbage-first heap   total 73728K, used 43903K [0x0000000080000000, 0x0000000100000000)
  region size 1024K, 4 young (4096K), 1 survivors (1024K)
 Metaspace       used 59191K, committed 59712K, reserved 1114112K
  class space    used 7989K, committed 8256K, reserved 1048576K
}
Event: 9.679 GC heap after
{Heap after GC invocations=22 (full 0):
 garbage-first heap   total 73728K, used 43116K [0x0000000080000000, 0x0000000100000000)
  region size 1024K, 2 young (2048K), 2 survivors (2048K)
 Metaspace       used 59191K, committed 59712K, reserved 1114112K
  class space    used 7989K, committed 8256K, reserved 1048576K
}
Event: 9.834 GC heap before
{Heap before GC invocations=23 (full 0):
 garbage-first heap   total 76800K, used 56428K [0x0000000080000000, 0x0000000100000000)
  region size 1024K, 13 young (13312K), 2 survivors (2048K)
 Metaspace       used 59639K, committed 60160K, reserved 1114112K
  class space    used 8053K, committed 8320K, reserved 1048576K
}
Event: 9.836 GC heap after
{Heap after GC invocations=24 (full 0):
 garbage-first heap   total 76800K, used 49303K [0x0000000080000000, 0x0000000100000000)
  region size 1024K, 2 young (2048K), 2 survivors (2048K)
 Metaspace       used 59639K, committed 60160K, reserved 1114112K
  class space    used 8053K, committed 8320K, reserved 1048576K
}
Event: 9.841 GC heap before
{Heap before GC invocations=24 (full 0):
 garbage-first heap   total 76800K, used 49303K [0x0000000080000000, 0x0000000100000000)
  region size 1024K, 3 young (3072K), 2 survivors (2048K)
 Metaspace       used 59717K, committed 60224K, reserved 1114112K
  class space    used 8054K, committed 8320K, reserved 1048576K
}
Event: 9.842 GC heap after
{Heap after GC invocations=25 (full 0):
 garbage-first heap   total 76800K, used 49267K [0x0000000080000000, 0x0000000100000000)
  region size 1024K, 1 young (1024K), 1 survivors (1024K)
 Metaspace       used 59717K, committed 60224K, reserved 1114112K
  class space    used 8054K, committed 8320K, reserved 1048576K
}
Event: 9.885 GC heap before
{Heap before GC invocations=25 (full 0):
 garbage-first heap   total 76800K, used 53363K [0x0000000080000000, 0x0000000100000000)
  region size 1024K, 7 young (7168K), 1 survivors (1024K)
 Metaspace       used 60157K, committed 60672K, reserved 1114112K
  class space    used 8102K, committed 8320K, reserved 1048576K
}
Event: 9.887 GC heap after
{Heap after GC invocations=26 (full 0):
 garbage-first heap   total 76800K, used 49629K [0x0000000080000000, 0x0000000100000000)
  region size 1024K, 1 young (1024K), 1 survivors (1024K)
 Metaspace       used 60157K, committed 60672K, reserved 1114112K
  class space    used 8102K, committed 8320K, reserved 1048576K
}
Event: 9.979 GC heap before
{Heap before GC invocations=27 (full 0):
 garbage-first heap   total 89088K, used 60893K [0x0000000080000000, 0x0000000100000000)
  region size 1024K, 11 young (11264K), 1 survivors (1024K)
 Metaspace       used 61042K, committed 61632K, reserved 1114112K
  class space    used 8239K, committed 8512K, reserved 1048576K
}
Event: 9.980 GC heap after
{Heap after GC invocations=28 (full 0):
 garbage-first heap   total 89088K, used 51061K [0x0000000080000000, 0x0000000100000000)
  region size 1024K, 1 young (1024K), 1 survivors (1024K)
 Metaspace       used 61042K, committed 61632K, reserved 1114112K
  class space    used 8239K, committed 8512K, reserved 1048576K
}
Event: 10.110 GC heap before
{Heap before GC invocations=28 (full 0):
 garbage-first heap   total 89088K, used 67445K [0x0000000080000000, 0x0000000100000000)
  region size 1024K, 17 young (17408K), 1 survivors (1024K)
 Metaspace       used 62646K, committed 63168K, reserved 1114112K
  class space    used 8470K, committed 8704K, reserved 1048576K
}
Event: 10.112 GC heap after
{Heap after GC invocations=29 (full 0):
 garbage-first heap   total 89088K, used 51586K [0x0000000080000000, 0x0000000100000000)
  region size 1024K, 2 young (2048K), 2 survivors (2048K)
 Metaspace       used 62646K, committed 63168K, reserved 1114112K
  class space    used 8470K, committed 8704K, reserved 1048576K
}
Event: 10.274 GC heap before
{Heap before GC invocations=30 (full 0):
 garbage-first heap   total 89088K, used 67970K [0x0000000080000000, 0x0000000100000000)
  region size 1024K, 19 young (19456K), 2 survivors (2048K)
 Metaspace       used 64466K, committed 65024K, reserved 1114112K
  class space    used 8669K, committed 8896K, reserved 1048576K
}
Event: 10.277 GC heap after
{Heap after GC invocations=31 (full 0):
 garbage-first heap   total 89088K, used 51902K [0x0000000080000000, 0x0000000100000000)
  region size 1024K, 2 young (2048K), 2 survivors (2048K)
 Metaspace       used 64466K, committed 65024K, reserved 1114112K
  class space    used 8669K, committed 8896K, reserved 1048576K
}
Event: 10.507 GC heap before
{Heap before GC invocations=31 (full 0):
 garbage-first heap   total 89088K, used 70334K [0x0000000080000000, 0x0000000100000000)
  region size 1024K, 20 young (20480K), 2 survivors (2048K)
 Metaspace       used 66477K, committed 67072K, reserved 1114112K
  class space    used 8950K, committed 9216K, reserved 1048576K
}
Event: 10.510 GC heap after
{Heap after GC invocations=32 (full 0):
 garbage-first heap   total 133120K, used 52624K [0x0000000080000000, 0x0000000100000000)
  region size 1024K, 2 young (2048K), 2 survivors (2048K)
 Metaspace       used 66477K, committed 67072K, reserved 1114112K
  class space    used 8950K, committed 9216K, reserved 1048576K
}
Event: 10.986 GC heap before
{Heap before GC invocations=33 (full 0):
 garbage-first heap   total 133120K, used 106896K [0x0000000080000000, 0x0000000100000000)
  region size 1024K, 49 young (50176K), 2 survivors (2048K)
 Metaspace       used 70534K, committed 71168K, reserved 1114112K
  class space    used 9504K, committed 9792K, reserved 1048576K
}
Event: 10.989 GC heap after
{Heap after GC invocations=34 (full 0):
 garbage-first heap   total 133120K, used 57472K [0x0000000080000000, 0x0000000100000000)
  region size 1024K, 7 young (7168K), 7 survivors (7168K)
 Metaspace       used 70534K, committed 71168K, reserved 1114112K
  class space    used 9504K, committed 9792K, reserved 1048576K
}

